# delay[ps] MSD[nm^2]:mean & std ; on 1 blocks of 1001 steps/block
0.00000  0.00000e+00  NaN
0.01000  4.25582e-05  NaN
0.02000  1.63187e-04  NaN
0.03000  3.48493e-04  NaN
0.04000  5.85376e-04  NaN
0.05000  8.58183e-04  NaN
0.06000  1.15160e-03  NaN
0.07000  1.45496e-03  NaN
0.08000  1.76266e-03  NaN
0.09000  2.07234e-03  NaN
0.10000  2.38415e-03  NaN
0.11000  2.69799e-03  NaN
0.12000  3.01471e-03  NaN
0.13000  3.33639e-03  NaN
0.14000  3.65741e-03  NaN
0.15000  3.97520e-03  NaN
0.16000  4.29375e-03  NaN
0.17000  4.61442e-03  NaN
0.18000  4.93101e-03  NaN
0.19000  5.24416e-03  NaN
0.20000  5.55702e-03  NaN
0.21000  5.86873e-03  NaN
0.22000  6.18093e-03  NaN
0.23000  6.49649e-03  NaN
0.24000  6.81391e-03  NaN
0.25000  7.12686e-03  NaN
0.26000  7.42978e-03  NaN
0.27000  7.72062e-03  NaN
0.28000  8.00617e-03  NaN
0.29000  8.29135e-03  NaN
0.30000  8.56870e-03  NaN
0.31000  8.83056e-03  NaN
0.32000  9.08304e-03  NaN
0.33000  9.33308e-03  NaN
0.34000  9.58235e-03  NaN
0.35000  9.82732e-03  NaN
0.36000  1.00647e-02  NaN
0.37000  1.03047e-02  NaN
0.38000  1.05517e-02  NaN
0.39000  1.07991e-02  NaN
0.40000  1.10434e-02  NaN
0.41000  1.12853e-02  NaN
0.42000  1.15277e-02  NaN
0.43000  1.17728e-02  NaN
0.44000  1.20168e-02  NaN
0.45000  1.22564e-02  NaN
0.46000  1.24953e-02  NaN
0.47000  1.27372e-02  NaN
0.48000  1.29758e-02  NaN
0.49000  1.32121e-02  NaN
0.50000  1.34457e-02  NaN
0.51000  1.36721e-02  NaN
0.52000  1.38939e-02  NaN
0.53000  1.41129e-02  NaN
0.54000  1.43280e-02  NaN
0.55000  1.45391e-02  NaN
0.56000  1.47460e-02  NaN
0.57000  1.49530e-02  NaN
0.58000  1.51592e-02  NaN
0.59000  1.53621e-02  NaN
0.60000  1.55608e-02  NaN
0.61000  1.57597e-02  NaN
0.62000  1.59600e-02  NaN
0.63000  1.61571e-02  NaN
0.64000  1.63468e-02  NaN
0.65000  1.65256e-02  NaN
0.66000  1.67009e-02  NaN
0.67000  1.68785e-02  NaN
0.68000  1.70542e-02  NaN
0.69000  1.72239e-02  NaN
0.70000  1.73881e-02  NaN
0.71000  1.75525e-02  NaN
0.72000  1.77249e-02  NaN
0.73000  1.79018e-02  NaN
0.74000  1.80712e-02  NaN
0.75000  1.82374e-02  NaN
0.76000  1.84076e-02  NaN
0.77000  1.85790e-02  NaN
0.78000  1.87468e-02  NaN
0.79000  1.89174e-02  NaN
0.80000  1.90960e-02  NaN
0.81000  1.92866e-02  NaN
0.82000  1.94769e-02  NaN
0.83000  1.96645e-02  NaN
0.84000  1.98532e-02  NaN
0.85000  2.00350e-02  NaN
0.86000  2.02071e-02  NaN
0.87000  2.03725e-02  NaN
0.88000  2.05400e-02  NaN
0.89000  2.07069e-02  NaN
0.90000  2.08690e-02  NaN
0.91000  2.10250e-02  NaN
0.92000  2.11687e-02  NaN
0.93000  2.12977e-02  NaN
0.94000  2.14161e-02  NaN
0.95000  2.15292e-02  NaN
0.96000  2.16428e-02  NaN
0.97000  2.17553e-02  NaN
0.98000  2.18665e-02  NaN
0.99000  2.19803e-02  NaN
1.00000  2.20909e-02  NaN
1.01000  2.22360e-02  NaN
1.02000  2.23337e-02  NaN
1.03000  2.24311e-02  NaN
1.04000  2.25242e-02  NaN
1.05000  2.26060e-02  NaN
1.06000  2.26828e-02  NaN
1.07000  2.27697e-02  NaN
1.08000  2.28642e-02  NaN
1.09000  2.29556e-02  NaN
1.10000  2.30510e-02  NaN
1.11000  2.31556e-02  NaN
1.12000  2.32670e-02  NaN
1.13000  2.33805e-02  NaN
1.14000  2.34851e-02  NaN
1.15000  2.35827e-02  NaN
1.16000  2.36779e-02  NaN
1.17000  2.37774e-02  NaN
1.18000  2.38879e-02  NaN
1.19000  2.40134e-02  NaN
1.20000  2.41488e-02  NaN
1.21000  2.42873e-02  NaN
1.22000  2.44295e-02  NaN
1.23000  2.45882e-02  NaN
1.24000  2.47671e-02  NaN
1.25000  2.49499e-02  NaN
1.26000  2.51219e-02  NaN
1.27000  2.52787e-02  NaN
1.28000  2.54354e-02  NaN
1.29000  2.56038e-02  NaN
1.30000  2.57681e-02  NaN
1.31000  2.59212e-02  NaN
1.32000  2.60654e-02  NaN
1.33000  2.62073e-02  NaN
1.34000  2.63533e-02  NaN
1.35000  2.65004e-02  NaN
1.36000  2.66562e-02  NaN
1.37000  2.68284e-02  NaN
1.38000  2.70131e-02  NaN
1.39000  2.72095e-02  NaN
1.40000  2.74194e-02  NaN
1.41000  2.76403e-02  NaN
1.42000  2.78649e-02  NaN
1.43000  2.80870e-02  NaN
1.44000  2.83074e-02  NaN
1.45000  2.85283e-02  NaN
1.46000  2.87474e-02  NaN
1.47000  2.89685e-02  NaN
1.48000  2.91854e-02  NaN
1.49000  2.93929e-02  NaN
1.50000  2.95977e-02  NaN
1.51000  2.98032e-02  NaN
1.52000  3.00149e-02  NaN
1.53000  3.02325e-02  NaN
1.54000  3.04517e-02  NaN
1.55000  3.06725e-02  NaN
1.56000  3.08908e-02  NaN
1.57000  3.11101e-02  NaN
1.58000  3.13279e-02  NaN
1.59000  3.15397e-02  NaN
1.60000  3.17372e-02  NaN
1.61000  3.19240e-02  NaN
1.62000  3.21104e-02  NaN
1.63000  3.22899e-02  NaN
1.64000  3.24565e-02  NaN
1.65000  3.26116e-02  NaN
1.66000  3.27681e-02  NaN
1.67000  3.29419e-02  NaN
1.68000  3.31254e-02  NaN
1.69000  3.33104e-02  NaN
1.70000  3.34917e-02  NaN
1.71000  3.36684e-02  NaN
1.72000  3.38396e-02  NaN
1.73000  3.39994e-02  NaN
1.74000  3.41421e-02  NaN
1.75000  3.42781e-02  NaN
1.76000  3.44284e-02  NaN
1.77000  3.45929e-02  NaN
1.78000  3.47584e-02  NaN
1.79000  3.49242e-02  NaN
1.80000  3.51101e-02  NaN
1.81000  3.53170e-02  NaN
1.82000  3.55289e-02  NaN
1.83000  3.57400e-02  NaN
1.84000  3.59505e-02  NaN
1.85000  3.61523e-02  NaN
1.86000  3.63379e-02  NaN
1.87000  3.65095e-02  NaN
1.88000  3.66888e-02  NaN
1.89000  3.68779e-02  NaN
1.90000  3.70646e-02  NaN
1.91000  3.72417e-02  NaN
1.92000  3.74017e-02  NaN
1.93000  3.75445e-02  NaN
1.94000  3.76792e-02  NaN
1.95000  3.78129e-02  NaN
1.96000  3.79499e-02  NaN
1.97000  3.80892e-02  NaN
1.98000  3.82229e-02  NaN
1.99000  3.83504e-02  NaN
2.00000  3.84830e-02  NaN
2.01000  3.84913e-02  NaN
2.02000  3.86217e-02  NaN
2.03000  3.87409e-02  NaN
2.04000  3.88553e-02  NaN
2.05000  3.89505e-02  NaN
2.06000  3.90257e-02  NaN
2.07000  3.91046e-02  NaN
2.08000  3.91944e-02  NaN
2.09000  3.92817e-02  NaN
2.10000  3.93711e-02  NaN
2.11000  3.94733e-02  NaN
2.12000  3.95850e-02  NaN
2.13000  3.96939e-02  NaN
2.14000  3.97908e-02  NaN
2.15000  3.98736e-02  NaN
2.16000  3.99419e-02  NaN
2.17000  4.00062e-02  NaN
2.18000  4.00784e-02  NaN
2.19000  4.01608e-02  NaN
2.20000  4.02544e-02  NaN
2.21000  4.03630e-02  NaN
2.22000  4.04834e-02  NaN
2.23000  4.06180e-02  NaN
2.24000  4.07737e-02  NaN
2.25000  4.09396e-02  NaN
2.26000  4.11034e-02  NaN
2.27000  4.12525e-02  NaN
2.28000  4.13931e-02  NaN
2.29000  4.15402e-02  NaN
2.30000  4.16854e-02  NaN
2.31000  4.18220e-02  NaN
2.32000  4.19487e-02  NaN
2.33000  4.20715e-02  NaN
2.34000  4.21992e-02  NaN
2.35000  4.23281e-02  NaN
2.36000  4.24650e-02  NaN
2.37000  4.26207e-02  NaN
2.38000  4.27919e-02  NaN
2.39000  4.29934e-02  NaN
2.40000  4.32196e-02  NaN
2.41000  4.34538e-02  NaN
2.42000  4.36845e-02  NaN
2.43000  4.39068e-02  NaN
2.44000  4.41128e-02  NaN
2.45000  4.43062e-02  NaN
2.46000  4.44983e-02  NaN
2.47000  4.47016e-02  NaN
2.48000  4.48912e-02  NaN
2.49000  4.50611e-02  NaN
2.50000  4.52310e-02  NaN
2.51000  4.54126e-02  NaN
2.52000  4.56010e-02  NaN
2.53000  4.57960e-02  NaN
2.54000  4.59986e-02  NaN
2.55000  4.62072e-02  NaN
2.56000  4.64142e-02  NaN
2.57000  4.66268e-02  NaN
2.58000  4.68407e-02  NaN
2.59000  4.70559e-02  NaN
2.60000  4.72657e-02  NaN
2.61000  4.74664e-02  NaN
2.62000  4.76700e-02  NaN
2.63000  4.78654e-02  NaN
2.64000  4.80438e-02  NaN
2.65000  4.82153e-02  NaN
2.66000  4.83912e-02  NaN
2.67000  4.85897e-02  NaN
2.68000  4.88096e-02  NaN
2.69000  4.90274e-02  NaN
2.70000  4.92263e-02  NaN
2.71000  4.94021e-02  NaN
2.72000  4.95603e-02  NaN
2.73000  4.97033e-02  NaN
2.74000  4.98334e-02  NaN
2.75000  4.99665e-02  NaN
2.76000  5.01190e-02  NaN
2.77000  5.02861e-02  NaN
2.78000  5.04522e-02  NaN
2.79000  5.06170e-02  NaN
2.80000  5.08066e-02  NaN
2.81000  5.10201e-02  NaN
2.82000  5.12271e-02  NaN
2.83000  5.14232e-02  NaN
2.84000  5.16154e-02  NaN
2.85000  5.18026e-02  NaN
2.86000  5.19810e-02  NaN
2.87000  5.21504e-02  NaN
2.88000  5.23259e-02  NaN
2.89000  5.25074e-02  NaN
2.90000  5.26852e-02  NaN
2.91000  5.28577e-02  NaN
2.92000  5.30290e-02  NaN
2.93000  5.32032e-02  NaN
2.94000  5.33828e-02  NaN
2.95000  5.35631e-02  NaN
2.96000  5.37421e-02  NaN
2.97000  5.39077e-02  NaN
2.98000  5.40396e-02  NaN
2.99000  5.41425e-02  NaN
3.00000  5.42446e-02  NaN
3.01000  5.43744e-02  NaN
3.02000  5.44970e-02  NaN
3.03000  5.46182e-02  NaN
3.04000  5.47516e-02  NaN
3.05000  5.48783e-02  NaN
3.06000  5.49882e-02  NaN
3.07000  5.51080e-02  NaN
3.08000  5.52451e-02  NaN
3.09000  5.53886e-02  NaN
3.10000  5.55381e-02  NaN
3.11000  5.57022e-02  NaN
3.12000  5.58768e-02  NaN
3.13000  5.60480e-02  NaN
3.14000  5.62014e-02  NaN
3.15000  5.63323e-02  NaN
3.16000  5.64363e-02  NaN
3.17000  5.65382e-02  NaN
3.18000  5.66572e-02  NaN
3.19000  5.67944e-02  NaN
3.20000  5.69525e-02  NaN
3.21000  5.71349e-02  NaN
3.22000  5.73295e-02  NaN
3.23000  5.75403e-02  NaN
3.24000  5.77710e-02  NaN
3.25000  5.79983e-02  NaN
3.26000  5.82110e-02  NaN
3.27000  5.84024e-02  NaN
3.28000  5.85817e-02  NaN
3.29000  5.87657e-02  NaN
3.30000  5.89531e-02  NaN
3.31000  5.91421e-02  NaN
3.32000  5.93190e-02  NaN
3.33000  5.94801e-02  NaN
3.34000  5.96411e-02  NaN
3.35000  5.98018e-02  NaN
3.36000  5.99637e-02  NaN
3.37000  6.01272e-02  NaN
3.38000  6.03008e-02  NaN
3.39000  6.05063e-02  NaN
3.40000  6.07309e-02  NaN
3.41000  6.09581e-02  NaN
3.42000  6.11719e-02  NaN
3.43000  6.13694e-02  NaN
3.44000  6.15510e-02  NaN
3.45000  6.17249e-02  NaN
3.46000  6.19035e-02  NaN
3.47000  6.20955e-02  NaN
3.48000  6.22843e-02  NaN
3.49000  6.24707e-02  NaN
3.50000  6.26681e-02  NaN
3.51000  6.28858e-02  NaN
3.52000  6.31213e-02  NaN
3.53000  6.33602e-02  NaN
3.54000  6.35864e-02  NaN
3.55000  6.38042e-02  NaN
3.56000  6.40222e-02  NaN
3.57000  6.42333e-02  NaN
3.58000  6.44331e-02  NaN
3.59000  6.46320e-02  NaN
3.60000  6.48284e-02  NaN
3.61000  6.50175e-02  NaN
3.62000  6.52111e-02  NaN
3.63000  6.54018e-02  NaN
3.64000  6.55956e-02  NaN
3.65000  6.57927e-02  NaN
3.66000  6.59852e-02  NaN
3.67000  6.61797e-02  NaN
3.68000  6.63828e-02  NaN
3.69000  6.65750e-02  NaN
3.70000  6.67405e-02  NaN
3.71000  6.68876e-02  NaN
3.72000  6.70188e-02  NaN
3.73000  6.71375e-02  NaN
3.74000  6.72503e-02  NaN
3.75000  6.73790e-02  NaN
3.76000  6.75393e-02  NaN
3.77000  6.77180e-02  NaN
3.78000  6.78974e-02  NaN
3.79000  6.80800e-02  NaN
3.80000  6.82993e-02  NaN
3.81000  6.85562e-02  NaN
3.82000  6.88159e-02  NaN
3.83000  6.90673e-02  NaN
3.84000  6.93177e-02  NaN
3.85000  6.95569e-02  NaN
3.86000  6.97790e-02  NaN
3.87000  6.99872e-02  NaN
3.88000  7.02026e-02  NaN
3.89000  7.04169e-02  NaN
3.90000  7.06170e-02  NaN
3.91000  7.08012e-02  NaN
3.92000  7.09820e-02  NaN
3.93000  7.11669e-02  NaN
3.94000  7.13545e-02  NaN
3.95000  7.15390e-02  NaN
3.96000  7.17105e-02  NaN
3.97000  7.18622e-02  NaN
3.98000  7.19829e-02  NaN
3.99000  7.20841e-02  NaN
4.00000  7.21899e-02  NaN
4.01000  7.11324e-02  NaN
4.02000  7.12452e-02  NaN
4.03000  7.13654e-02  NaN
4.04000  7.15041e-02  NaN
4.05000  7.16254e-02  NaN
4.06000  7.17196e-02  NaN
4.07000  7.18217e-02  NaN
4.08000  7.19390e-02  NaN
4.09000  7.20482e-02  NaN
4.10000  7.21566e-02  NaN
4.11000  7.22810e-02  NaN
4.12000  7.24067e-02  NaN
4.13000  7.25250e-02  NaN
4.14000  7.26382e-02  NaN
4.15000  7.27429e-02  NaN
4.16000  7.28230e-02  NaN
4.17000  7.29089e-02  NaN
4.18000  7.30239e-02  NaN
4.19000  7.31641e-02  NaN
4.20000  7.33154e-02  NaN
4.21000  7.34742e-02  NaN
4.22000  7.36513e-02  NaN
4.23000  7.38637e-02  NaN
4.24000  7.41105e-02  NaN
4.25000  7.43571e-02  NaN
4.26000  7.45818e-02  NaN
4.27000  7.47760e-02  NaN
4.28000  7.49620e-02  NaN
4.29000  7.51641e-02  NaN
4.30000  7.53782e-02  NaN
4.31000  7.55972e-02  NaN
4.32000  7.57993e-02  NaN
4.33000  7.59817e-02  NaN
4.34000  7.61631e-02  NaN
4.35000  7.63625e-02  NaN
4.36000  7.65890e-02  NaN
4.37000  7.68182e-02  NaN
4.38000  7.70497e-02  NaN
4.39000  7.73182e-02  NaN
4.40000  7.76112e-02  NaN
4.41000  7.78863e-02  NaN
4.42000  7.81298e-02  NaN
4.43000  7.83489e-02  NaN
4.44000  7.85438e-02  NaN
4.45000  7.87199e-02  NaN
4.46000  7.88974e-02  NaN
4.47000  7.90965e-02  NaN
4.48000  7.93024e-02  NaN
4.49000  7.95022e-02  NaN
4.50000  7.96960e-02  NaN
4.51000  7.99081e-02  NaN
4.52000  8.01464e-02  NaN
4.53000  8.04093e-02  NaN
4.54000  8.06665e-02  NaN
4.55000  8.08985e-02  NaN
4.56000  8.11172e-02  NaN
4.57000  8.13428e-02  NaN
4.58000  8.15542e-02  NaN
4.59000  8.17340e-02  NaN
4.60000  8.18953e-02  NaN
4.61000  8.20509e-02  NaN
4.62000  8.22227e-02  NaN
4.63000  8.24085e-02  NaN
4.64000  8.26062e-02  NaN
4.65000  8.28056e-02  NaN
4.66000  8.30055e-02  NaN
4.67000  8.32254e-02  NaN
4.68000  8.34629e-02  NaN
4.69000  8.36857e-02  NaN
4.70000  8.38819e-02  NaN
4.71000  8.40473e-02  NaN
4.72000  8.41764e-02  NaN
4.73000  8.42772e-02  NaN
4.74000  8.43682e-02  NaN
4.75000  8.44637e-02  NaN
4.76000  8.45895e-02  NaN
4.77000  8.47584e-02  NaN
4.78000  8.49549e-02  NaN
4.79000  8.51638e-02  NaN
4.80000  8.54071e-02  NaN
4.81000  8.56864e-02  NaN
4.82000  8.59856e-02  NaN
4.83000  8.62949e-02  NaN
4.84000  8.65892e-02  NaN
4.85000  8.68443e-02  NaN
4.86000  8.70659e-02  NaN
4.87000  8.72666e-02  NaN
4.88000  8.74650e-02  NaN
4.89000  8.76678e-02  NaN
4.90000  8.78729e-02  NaN
4.91000  8.80677e-02  NaN
4.92000  8.82507e-02  NaN
4.93000  8.84401e-02  NaN
4.94000  8.86514e-02  NaN
4.95000  8.88689e-02  NaN
4.96000  8.90660e-02  NaN
4.97000  8.92394e-02  NaN
4.98000  8.93778e-02  NaN
4.99000  8.94995e-02  NaN
5.00000  8.96296e-02  NaN
5.01000  8.84452e-02  NaN
5.02000  8.85714e-02  NaN
5.03000  8.86965e-02  NaN
5.04000  8.88253e-02  NaN
5.05000  8.89336e-02  NaN
5.06000  8.90208e-02  NaN
5.07000  8.91109e-02  NaN
5.08000  8.92087e-02  NaN
5.09000  8.92855e-02  NaN
5.10000  8.93487e-02  NaN
5.11000  8.94266e-02  NaN
5.12000  8.95079e-02  NaN
5.13000  8.95767e-02  NaN
5.14000  8.96462e-02  NaN
5.15000  8.97266e-02  NaN
5.16000  8.98026e-02  NaN
5.17000  8.98840e-02  NaN
5.18000  8.99857e-02  NaN
5.19000  9.01235e-02  NaN
5.20000  9.02947e-02  NaN
5.21000  9.04804e-02  NaN
5.22000  9.06702e-02  NaN
5.23000  9.08821e-02  NaN
5.24000  9.11225e-02  NaN
5.25000  9.13542e-02  NaN
5.26000  9.15533e-02  NaN
5.27000  9.17107e-02  NaN
5.28000  9.18547e-02  NaN
5.29000  9.20214e-02  NaN
5.30000  9.22107e-02  NaN
5.31000  9.24266e-02  NaN
5.32000  9.26536e-02  NaN
5.33000  9.28785e-02  NaN
5.34000  9.30971e-02  NaN
5.35000  9.33100e-02  NaN
5.36000  9.35394e-02  NaN
5.37000  9.37849e-02  NaN
5.38000  9.40337e-02  NaN
5.39000  9.43029e-02  NaN
5.40000  9.45681e-02  NaN
5.41000  9.48004e-02  NaN
5.42000  9.49927e-02  NaN
5.43000  9.51566e-02  NaN
5.44000  9.52888e-02  NaN
5.45000  9.53978e-02  NaN
5.46000  9.54943e-02  NaN
5.47000  9.56203e-02  NaN
5.48000  9.57910e-02  NaN
5.49000  9.59796e-02  NaN
5.50000  9.61602e-02  NaN
5.51000  9.63482e-02  NaN
5.52000  9.65630e-02  NaN
5.53000  9.68151e-02  NaN
5.54000  9.70696e-02  NaN
5.55000  9.73044e-02  NaN
5.56000  9.75193e-02  NaN
5.57000  9.77346e-02  NaN
5.58000  9.79539e-02  NaN
5.59000  9.81652e-02  NaN
5.60000  9.83621e-02  NaN
5.61000  9.85572e-02  NaN
5.62000  9.87630e-02  NaN
5.63000  9.89707e-02  NaN
5.64000  9.91980e-02  NaN
5.65000  9.94472e-02  NaN
5.66000  9.96952e-02  NaN
5.67000  9.99447e-02  NaN
5.68000  1.00202e-01  NaN
5.69000  1.00434e-01  NaN
5.70000  1.00625e-01  NaN
5.71000  1.00777e-01  NaN
5.72000  1.00889e-01  NaN
5.73000  1.00986e-01  NaN
5.74000  1.01095e-01  NaN
5.75000  1.01230e-01  NaN
5.76000  1.01402e-01  NaN
5.77000  1.01597e-01  NaN
5.78000  1.01778e-01  NaN
5.79000  1.01948e-01  NaN
5.80000  1.02151e-01  NaN
5.81000  1.02392e-01  NaN
5.82000  1.02649e-01  NaN
5.83000  1.02911e-01  NaN
5.84000  1.03161e-01  NaN
5.85000  1.03382e-01  NaN
5.86000  1.03579e-01  NaN
5.87000  1.03779e-01  NaN
5.88000  1.03999e-01  NaN
5.89000  1.04233e-01  NaN
5.90000  1.04466e-01  NaN
5.91000  1.04682e-01  NaN
5.92000  1.04869e-01  NaN
5.93000  1.05042e-01  NaN
5.94000  1.05231e-01  NaN
5.95000  1.05428e-01  NaN
5.96000  1.05598e-01  NaN
5.97000  1.05736e-01  NaN
5.98000  1.05844e-01  NaN
5.99000  1.05949e-01  NaN
6.00000  1.06064e-01  NaN
6.01000  1.03222e-01  NaN
6.02000  1.03329e-01  NaN
6.03000  1.03440e-01  NaN
6.04000  1.03550e-01  NaN
6.05000  1.03657e-01  NaN
6.06000  1.03754e-01  NaN
6.07000  1.03840e-01  NaN
6.08000  1.03926e-01  NaN
6.09000  1.04010e-01  NaN
6.10000  1.04078e-01  NaN
6.11000  1.04156e-01  NaN
6.12000  1.04258e-01  NaN
6.13000  1.04379e-01  NaN
6.14000  1.04520e-01  NaN
6.15000  1.04697e-01  NaN
6.16000  1.04876e-01  NaN
6.17000  1.05051e-01  NaN
6.18000  1.05219e-01  NaN
6.19000  1.05406e-01  NaN
6.20000  1.05630e-01  NaN
6.21000  1.05861e-01  NaN
6.22000  1.06082e-01  NaN
6.23000  1.06327e-01  NaN
6.24000  1.06598e-01  NaN
6.25000  1.06836e-01  NaN
6.26000  1.07026e-01  NaN
6.27000  1.07200e-01  NaN
6.28000  1.07396e-01  NaN
6.29000  1.07610e-01  NaN
6.30000  1.07835e-01  NaN
6.31000  1.08082e-01  NaN
6.32000  1.08326e-01  NaN
6.33000  1.08538e-01  NaN
6.34000  1.08743e-01  NaN
6.35000  1.08962e-01  NaN
6.36000  1.09199e-01  NaN
6.37000  1.09441e-01  NaN
6.38000  1.09690e-01  NaN
6.39000  1.09976e-01  NaN
6.40000  1.10267e-01  NaN
6.41000  1.10517e-01  NaN
6.42000  1.10718e-01  NaN
6.43000  1.10885e-01  NaN
6.44000  1.11009e-01  NaN
6.45000  1.11088e-01  NaN
6.46000  1.11142e-01  NaN
6.47000  1.11226e-01  NaN
6.48000  1.11356e-01  NaN
6.49000  1.11497e-01  NaN
6.50000  1.11648e-01  NaN
6.51000  1.11835e-01  NaN
6.52000  1.12082e-01  NaN
6.53000  1.12387e-01  NaN
6.54000  1.12678e-01  NaN
6.55000  1.12929e-01  NaN
6.56000  1.13164e-01  NaN
6.57000  1.13409e-01  NaN
6.58000  1.13648e-01  NaN
6.59000  1.13874e-01  NaN
6.60000  1.14097e-01  NaN
6.61000  1.14325e-01  NaN
6.62000  1.14555e-01  NaN
6.63000  1.14803e-01  NaN
6.64000  1.15085e-01  NaN
6.65000  1.15385e-01  NaN
6.66000  1.15686e-01  NaN
6.67000  1.15989e-01  NaN
6.68000  1.16295e-01  NaN
6.69000  1.16573e-01  NaN
6.70000  1.16816e-01  NaN
6.71000  1.17020e-01  NaN
6.72000  1.17174e-01  NaN
6.73000  1.17307e-01  NaN
6.74000  1.17453e-01  NaN
6.75000  1.17629e-01  NaN
6.76000  1.17838e-01  NaN
6.77000  1.18079e-01  NaN
6.78000  1.18325e-01  NaN
6.79000  1.18580e-01  NaN
6.80000  1.18886e-01  NaN
6.81000  1.19220e-01  NaN
6.82000  1.19557e-01  NaN
6.83000  1.19894e-01  NaN
6.84000  1.20226e-01  NaN
6.85000  1.20523e-01  NaN
6.86000  1.20756e-01  NaN
6.87000  1.20955e-01  NaN
6.88000  1.21172e-01  NaN
6.89000  1.21404e-01  NaN
6.90000  1.21636e-01  NaN
6.91000  1.21865e-01  NaN
6.92000  1.22082e-01  NaN
6.93000  1.22297e-01  NaN
6.94000  1.22544e-01  NaN
6.95000  1.22834e-01  NaN
6.96000  1.23116e-01  NaN
6.97000  1.23350e-01  NaN
6.98000  1.23544e-01  NaN
6.99000  1.23736e-01  NaN
7.00000  1.23926e-01  NaN
7.01000  1.21340e-01  NaN
7.02000  1.21481e-01  NaN
7.03000  1.21641e-01  NaN
7.04000  1.21799e-01  NaN
7.05000  1.21930e-01  NaN
7.06000  1.22055e-01  NaN
7.07000  1.22176e-01  NaN
7.08000  1.22289e-01  NaN
7.09000  1.22371e-01  NaN
7.10000  1.22442e-01  NaN
7.11000  1.22554e-01  NaN
7.12000  1.22692e-01  NaN
7.13000  1.22830e-01  NaN
7.14000  1.22979e-01  NaN
7.15000  1.23173e-01  NaN
7.16000  1.23360e-01  NaN
7.17000  1.23526e-01  NaN
7.18000  1.23706e-01  NaN
7.19000  1.23925e-01  NaN
7.20000  1.24163e-01  NaN
7.21000  1.24392e-01  NaN
7.22000  1.24619e-01  NaN
7.23000  1.24857e-01  NaN
7.24000  1.25096e-01  NaN
7.25000  1.25286e-01  NaN
7.26000  1.25412e-01  NaN
7.27000  1.25510e-01  NaN
7.28000  1.25626e-01  NaN
7.29000  1.25785e-01  NaN
7.30000  1.25989e-01  NaN
7.31000  1.26241e-01  NaN
7.32000  1.26515e-01  NaN
7.33000  1.26763e-01  NaN
7.34000  1.26999e-01  NaN
7.35000  1.27217e-01  NaN
7.36000  1.27439e-01  NaN
7.37000  1.27677e-01  NaN
7.38000  1.27916e-01  NaN
7.39000  1.28171e-01  NaN
7.40000  1.28423e-01  NaN
7.41000  1.28653e-01  NaN
7.42000  1.28846e-01  NaN
7.43000  1.29006e-01  NaN
7.44000  1.29123e-01  NaN
7.45000  1.29203e-01  NaN
7.46000  1.29250e-01  NaN
7.47000  1.29299e-01  NaN
7.48000  1.29368e-01  NaN
7.49000  1.29440e-01  NaN
7.50000  1.29523e-01  NaN
7.51000  1.29637e-01  NaN
7.52000  1.29793e-01  NaN
7.53000  1.29996e-01  NaN
7.54000  1.30180e-01  NaN
7.55000  1.30327e-01  NaN
7.56000  1.30462e-01  NaN
7.57000  1.30619e-01  NaN
7.58000  1.30801e-01  NaN
7.59000  1.30986e-01  NaN
7.60000  1.31167e-01  NaN
7.61000  1.31371e-01  NaN
7.62000  1.31603e-01  NaN
7.63000  1.31850e-01  NaN
7.64000  1.32091e-01  NaN
7.65000  1.32349e-01  NaN
7.66000  1.32634e-01  NaN
7.67000  1.32915e-01  NaN
7.68000  1.33163e-01  NaN
7.69000  1.33381e-01  NaN
7.70000  1.33586e-01  NaN
7.71000  1.33761e-01  NaN
7.72000  1.33876e-01  NaN
7.73000  1.33956e-01  NaN
7.74000  1.34047e-01  NaN
7.75000  1.34157e-01  NaN
7.76000  1.34307e-01  NaN
7.77000  1.34509e-01  NaN
7.78000  1.34741e-01  NaN
7.79000  1.34976e-01  NaN
7.80000  1.35273e-01  NaN
7.81000  1.35642e-01  NaN
7.82000  1.36067e-01  NaN
7.83000  1.36514e-01  NaN
7.84000  1.36958e-01  NaN
7.85000  1.37366e-01  NaN
7.86000  1.37683e-01  NaN
7.87000  1.37930e-01  NaN
7.88000  1.38188e-01  NaN
7.89000  1.38469e-01  NaN
7.90000  1.38752e-01  NaN
7.91000  1.39015e-01  NaN
7.92000  1.39259e-01  NaN
7.93000  1.39504e-01  NaN
7.94000  1.39772e-01  NaN
7.95000  1.40068e-01  NaN
7.96000  1.40356e-01  NaN
7.97000  1.40603e-01  NaN
7.98000  1.40814e-01  NaN
7.99000  1.41032e-01  NaN
8.00000  1.41247e-01  NaN
8.01000  1.33900e-01  NaN
8.02000  1.34113e-01  NaN
8.03000  1.34365e-01  NaN
8.04000  1.34621e-01  NaN
8.05000  1.34844e-01  NaN
8.06000  1.35051e-01  NaN
8.07000  1.35238e-01  NaN
8.08000  1.35383e-01  NaN
8.09000  1.35495e-01  NaN
8.10000  1.35626e-01  NaN
8.11000  1.35837e-01  NaN
8.12000  1.36072e-01  NaN
8.13000  1.36314e-01  NaN
8.14000  1.36591e-01  NaN
8.15000  1.36933e-01  NaN
8.16000  1.37232e-01  NaN
8.17000  1.37457e-01  NaN
8.18000  1.37686e-01  NaN
8.19000  1.37982e-01  NaN
8.20000  1.38314e-01  NaN
8.21000  1.38630e-01  NaN
8.22000  1.38942e-01  NaN
8.23000  1.39245e-01  NaN
8.24000  1.39535e-01  NaN
8.25000  1.39773e-01  NaN
8.26000  1.39973e-01  NaN
8.27000  1.40161e-01  NaN
8.28000  1.40332e-01  NaN
8.29000  1.40512e-01  NaN
8.30000  1.40744e-01  NaN
8.31000  1.41053e-01  NaN
8.32000  1.41406e-01  NaN
8.33000  1.41716e-01  NaN
8.34000  1.41981e-01  NaN
8.35000  1.42203e-01  NaN
8.36000  1.42424e-01  NaN
8.37000  1.42652e-01  NaN
8.38000  1.42893e-01  NaN
8.39000  1.43162e-01  NaN
8.40000  1.43448e-01  NaN
8.41000  1.43727e-01  NaN
8.42000  1.43977e-01  NaN
8.43000  1.44198e-01  NaN
8.44000  1.44396e-01  NaN
8.45000  1.44560e-01  NaN
8.46000  1.44698e-01  NaN
8.47000  1.44852e-01  NaN
8.48000  1.45015e-01  NaN
8.49000  1.45161e-01  NaN
8.50000  1.45332e-01  NaN
8.51000  1.45545e-01  NaN
8.52000  1.45786e-01  NaN
8.53000  1.46059e-01  NaN
8.54000  1.46332e-01  NaN
8.55000  1.46566e-01  NaN
8.56000  1.46763e-01  NaN
8.57000  1.46975e-01  NaN
8.58000  1.47211e-01  NaN
8.59000  1.47417e-01  NaN
8.60000  1.47592e-01  NaN
8.61000  1.47787e-01  NaN
8.62000  1.48008e-01  NaN
8.63000  1.48252e-01  NaN
8.64000  1.48487e-01  NaN
8.65000  1.48737e-01  NaN
8.66000  1.49049e-01  NaN
8.67000  1.49411e-01  NaN
8.68000  1.49781e-01  NaN
8.69000  1.50134e-01  NaN
8.70000  1.50456e-01  NaN
8.71000  1.50723e-01  NaN
8.72000  1.50904e-01  NaN
8.73000  1.51011e-01  NaN
8.74000  1.51105e-01  NaN
8.75000  1.51219e-01  NaN
8.76000  1.51402e-01  NaN
8.77000  1.51683e-01  NaN
8.78000  1.52028e-01  NaN
8.79000  1.52392e-01  NaN
8.80000  1.52807e-01  NaN
8.81000  1.53281e-01  NaN
8.82000  1.53807e-01  NaN
8.83000  1.54353e-01  NaN
8.84000  1.54873e-01  NaN
8.85000  1.55314e-01  NaN
8.86000  1.55597e-01  NaN
8.87000  1.55767e-01  NaN
8.88000  1.55948e-01  NaN
8.89000  1.56136e-01  NaN
8.90000  1.56302e-01  NaN
8.91000  1.56468e-01  NaN
8.92000  1.56659e-01  NaN
8.93000  1.56883e-01  NaN
8.94000  1.57151e-01  NaN
8.95000  1.57444e-01  NaN
8.96000  1.57708e-01  NaN
8.97000  1.57910e-01  NaN
8.98000  1.58041e-01  NaN
8.99000  1.58160e-01  NaN
9.00000  1.58273e-01  NaN
9.01000  1.54144e-01  NaN
9.02000  1.54250e-01  NaN
9.03000  1.54417e-01  NaN
9.04000  1.54651e-01  NaN
9.05000  1.54944e-01  NaN
9.06000  1.55274e-01  NaN
9.07000  1.55588e-01  NaN
9.08000  1.55881e-01  NaN
9.09000  1.56143e-01  NaN
9.10000  1.56420e-01  NaN
9.11000  1.56767e-01  NaN
9.12000  1.57110e-01  NaN
9.13000  1.57410e-01  NaN
9.14000  1.57687e-01  NaN
9.15000  1.58051e-01  NaN
9.16000  1.58415e-01  NaN
9.17000  1.58662e-01  NaN
9.18000  1.58798e-01  NaN
9.19000  1.58884e-01  NaN
9.20000  1.58996e-01  NaN
9.21000  1.59144e-01  NaN
9.22000  1.59258e-01  NaN
9.23000  1.59338e-01  NaN
9.24000  1.59456e-01  NaN
9.25000  1.59581e-01  NaN
9.26000  1.59655e-01  NaN
9.27000  1.59661e-01  NaN
9.28000  1.59647e-01  NaN
9.29000  1.59627e-01  NaN
9.30000  1.59603e-01  NaN
9.31000  1.59640e-01  NaN
9.32000  1.59760e-01  NaN
9.33000  1.59931e-01  NaN
9.34000  1.60146e-01  NaN
9.35000  1.60365e-01  NaN
9.36000  1.60589e-01  NaN
9.37000  1.60884e-01  NaN
9.38000  1.61228e-01  NaN
9.39000  1.61539e-01  NaN
9.40000  1.61785e-01  NaN
9.41000  1.62012e-01  NaN
9.42000  1.62182e-01  NaN
9.43000  1.62282e-01  NaN
9.44000  1.62331e-01  NaN
9.45000  1.62344e-01  NaN
9.46000  1.62328e-01  NaN
9.47000  1.62346e-01  NaN
9.48000  1.62436e-01  NaN
9.49000  1.62599e-01  NaN
9.50000  1.62868e-01  NaN
9.51000  1.63237e-01  NaN
9.52000  1.63716e-01  NaN
9.53000  1.64242e-01  NaN
9.54000  1.64660e-01  NaN
9.55000  1.64947e-01  NaN
9.56000  1.65154e-01  NaN
9.57000  1.65352e-01  NaN
9.58000  1.65536e-01  NaN
9.59000  1.65714e-01  NaN
9.60000  1.65919e-01  NaN
9.61000  1.66173e-01  NaN
9.62000  1.66439e-01  NaN
9.63000  1.66740e-01  NaN
9.64000  1.67100e-01  NaN
9.65000  1.67517e-01  NaN
9.66000  1.67923e-01  NaN
9.67000  1.68267e-01  NaN
9.68000  1.68550e-01  NaN
9.69000  1.68832e-01  NaN
9.70000  1.69147e-01  NaN
9.71000  1.69460e-01  NaN
9.72000  1.69715e-01  NaN
9.73000  1.69932e-01  NaN
9.74000  1.70096e-01  NaN
9.75000  1.70248e-01  NaN
9.76000  1.70483e-01  NaN
9.77000  1.70804e-01  NaN
9.78000  1.71115e-01  NaN
9.79000  1.71406e-01  NaN
9.80000  1.71796e-01  NaN
9.81000  1.72277e-01  NaN
9.82000  1.72766e-01  NaN
9.83000  1.73229e-01  NaN
9.84000  1.73603e-01  NaN
9.85000  1.73898e-01  NaN
9.86000  1.74068e-01  NaN
9.87000  1.74149e-01  NaN
9.88000  1.74251e-01  NaN
9.89000  1.74402e-01  NaN
9.90000  1.74569e-01  NaN
9.91000  1.74739e-01  NaN
9.92000  1.74932e-01  NaN
9.93000  1.75169e-01  NaN
9.94000  1.75459e-01  NaN
9.95000  1.75774e-01  NaN
9.96000  1.75993e-01  NaN
9.97000  1.76111e-01  NaN
9.98000  1.76144e-01  NaN
9.99000  1.76141e-01  NaN
10.00000  1.76129e-01  NaN
